<?xml version="1.0" encoding="UTF-8"?>
<testsuite name="com.gorest.userinfo.UserCRUDTestWithSteps" time="0.007" tests="4" errors="4" skipped="0" failures="0">
  <properties>
[...]
</properties>
  <testcase name="test001" classname="com.gorest.userinfo.UserCRUDTestWithSteps" time="0.007">
    <error type="java.lang.NullPointerException:">java.lang.NullPointerException: null
	at com.gorest.userinfo.UserCRUDTestWithSteps.test001(UserCRUDTestWithSteps.java:27)
</error>
  </testcase>
  <testcase name="test002" classname="com.gorest.userinfo.UserCRUDTestWithSteps" time="0">
    <error type="java.lang.NullPointerException:">java.lang.NullPointerException: null
	at com.gorest.userinfo.UserCRUDTestWithSteps.test002(UserCRUDTestWithSteps.java:36)
</error>
  </testcase>
  <testcase name="test003" classname="com.gorest.userinfo.UserCRUDTestWithSteps" time="0">
    <error type="java.lang.NullPointerException:">java.lang.NullPointerException: null
	at com.gorest.userinfo.UserCRUDTestWithSteps.test003(UserCRUDTestWithSteps.java:45)
</error>
  </testcase>
  <testcase name="test004" classname="com.gorest.userinfo.UserCRUDTestWithSteps" time="0">
    <error type="java.lang.NullPointerException:">java.lang.NullPointerException: null
	at com.gorest.userinfo.UserCRUDTestWithSteps.test004(UserCRUDTestWithSteps.java:52)
</error>
  </testcase>
</testsuite>